<?xml version="1.0" encoding="UTF-8"?>
<testsuite name="com.example.bridginglibrarydemo.ExampleUnitTest" tests="1" skipped="0" failures="0" errors="0" timestamp="2024-11-11T09:27:35" hostname="apple-ka-MacBook-Pro.local" time="0.002">
  <properties/>
  <testcase name="addition_isCorrect" classname="com.example.bridginglibrarydemo.ExampleUnitTest" time="0.002"/>
  <system-out><![CDATA[]]></system-out>
  <system-err><![CDATA[]]></system-err>
</testsuite>
